Build started 6/28/2012 10:53:44 AM.
     1>Project "C:\Users\ethzrt\Documents\msc-generator\pixman-0.26.0\pixman-0.26.0.vcxproj" on node 2 (build target(s)).
     1>Build:
         "C:\Users\ethzrt\Documents\msc-generator\pixman-0.26.0\\BuildPixman.bat"
         Setting environment for using Microsoft Visual Studio 2010 x86 tools.
         Setting MMX flag to default value 'on'... (use MMX=on or MMX=off)
         Setting SSE2 flag to default value 'on'... (use SSE2=on or SSE2=off)
         pixman-image.c
         pixman-access.c
         pixman-access-accessors.c
         pixman-region16.c
         pixman-region32.c
         pixman-combine32.c
         pixman-combine64.c
         pixman-utils.c
         pixman-edge.c
         pixman-edge-accessors.c
         pixman-trap.c
         pixman-timer.c
         pixman-matrix.c
         pixman-gradient-walker.c
         pixman-linear-gradient.c
         pixman-radial-gradient.c
         pixman-bits-image.c
         pixman.c
         pixman-cpu.c
         pixman-fast-path.c
         pixman-implementation.c
         pixman-solid-fill.c
         pixman-general.c
         pixman-mmx.c
     1>c:\users\ethzrt\documents\msc-generator\pixman\pixman\pixman-mmx.c(317): warning C4799: function 'store8888' has no EMMS instruction
     1>c:\users\ethzrt\documents\msc-generator\pixman\pixman\pixman-mmx.c(166): warning C4799: function 'UINT64' has no EMMS instruction
     1>c:\users\ethzrt\documents\msc-generator\pixman\pixman\pixman-mmx.c(437): warning C4799: function 'combine' has no EMMS instruction
         pixman-sse2.c
     1>c:\users\ethzrt\documents\msc-generator\pixman\pixman\pixman-sse2.c(524): warning C4799: function 'pack_1x64_32' has no EMMS instruction
     1>c:\users\ethzrt\documents\msc-generator\pixman\pixman\pixman-sse2.c(582): warning C4799: function 'core_combine_over_u_pixel_sse2' has no EMMS instruction
     1>c:\users\ethzrt\documents\msc-generator\pixman\pixman\pixman-sse2.c(603): warning C4799: function 'combine1' has no EMMS instruction
     1>c:\users\ethzrt\documents\msc-generator\pixman\pixman\pixman-sse2.c(3690): warning C4799: function 'composite_over_8888_0565pixel' has no EMMS instruction
     1>c:\users\ethzrt\documents\msc-generator\pixman\pixman\pixman-sse2.c(1507): warning C4799: function 'core_combine_add_u_sse2' has no EMMS instruction
     1>c:\users\ethzrt\documents\msc-generator\pixman\pixman\pixman-sse2.c(831): warning C4799: function 'core_combine_in_u_pixelsse2' has no EMMS instruction
     1>c:\users\ethzrt\documents\msc-generator\pixman\pixman\pixman-sse2.c(1141): warning C4799: function 'core_combine_out_u_sse2' has no EMMS instruction
     1>c:\users\ethzrt\documents\msc-generator\pixman\pixman\pixman-sse2.c(1061): warning C4799: function 'core_combine_reverse_out_u_sse2' has no EMMS instruction
     1>c:\users\ethzrt\documents\msc-generator\pixman\pixman\pixman-sse2.c(1154): warning C4799: function 'core_combine_atop_u_pixel_sse2' has no EMMS instruction
     1>c:\users\ethzrt\documents\msc-generator\pixman\pixman\pixman-sse2.c(1251): warning C4799: function 'core_combine_reverse_atop_u_pixel_sse2' has no EMMS instruction
     1>c:\users\ethzrt\documents\msc-generator\pixman\pixman\pixman-sse2.c(1348): warning C4799: function 'core_combine_xor_u_pixel_sse2' has no EMMS instruction
     1>c:\users\ethzrt\documents\msc-generator\pixman\pixman\pixman-sse2.c(1525): warning C4799: function 'core_combine_saturate_u_pixel_sse2' has no EMMS instruction
     1>c:\users\ethzrt\documents\msc-generator\pixman\pixman\pixman-sse2.c(1692): warning C4799: function 'core_combine_src_ca_sse2' has no EMMS instruction
     1>c:\users\ethzrt\documents\msc-generator\pixman\pixman\pixman-sse2.c(1705): warning C4799: function 'core_combine_over_ca_pixel_sse2' has no EMMS instruction
     1>c:\users\ethzrt\documents\msc-generator\pixman\pixman\pixman-sse2.c(1794): warning C4799: function 'core_combine_over_reverse_ca_pixel_sse2' has no EMMS instruction
     1>c:\users\ethzrt\documents\msc-generator\pixman\pixman\pixman-sse2.c(1960): warning C4799: function 'core_combine_in_ca_sse2' has no EMMS instruction
     1>c:\users\ethzrt\documents\msc-generator\pixman\pixman\pixman-sse2.c(2046): warning C4799: function 'core_combine_in_reverse_ca_sse2' has no EMMS instruction
     1>c:\users\ethzrt\documents\msc-generator\pixman\pixman\pixman-sse2.c(2135): warning C4799: function 'core_combine_out_ca_sse2' has no EMMS instruction
     1>c:\users\ethzrt\documents\msc-generator\pixman\pixman\pixman-sse2.c(2227): warning C4799: function 'core_combine_out_reverse_ca_sse2' has no EMMS instruction
     1>c:\users\ethzrt\documents\msc-generator\pixman\pixman\pixman-sse2.c(2244): warning C4799: function 'core_combine_atop_ca_pixel_sse2' has no EMMS instruction
     1>c:\users\ethzrt\documents\msc-generator\pixman\pixman\pixman-sse2.c(2350): warning C4799: function 'core_combine_reverse_atop_ca_pixel_sse2' has no EMMS instruction
     1>c:\users\ethzrt\documents\msc-generator\pixman\pixman\pixman-sse2.c(2459): warning C4799: function 'core_combine_xor_ca_pixel_sse2' has no EMMS instruction
     1>c:\users\ethzrt\documents\msc-generator\pixman\pixman\pixman-sse2.c(2629): warning C4799: function 'core_combine_add_ca_sse2' has no EMMS instruction
         lib -NOLOGO -OUT:debug/pixman-1.lib  debug/pixman-image.obj  debug/pixman-access.obj  debug/pixman-access-accessors.obj  debug/pixman-region16.obj  debug/pixman-region32.obj  debug/pixman-combine32.obj  debug/pixman-combine64.obj  debug/pixman-utils.obj  debug/pixman-edge.obj  debug/pixman-edge-accessors.obj  debug/pixman-trap.obj  debug/pixman-timer.obj  debug/pixman-matrix.obj  debug/pixman-gradient-walker.obj  debug/pixman-linear-gradient.obj  debug/pixman-radial-gradient.obj  debug/pixman-bits-image.obj  debug/pixman.obj  debug/pixman-cpu.obj  debug/pixman-fast-path.obj  debug/pixman-implementation.obj  debug/pixman-solid-fill.obj  debug/pixman-general.obj  debug/pixman-mmx.obj  debug/pixman-sse2.obj || exit 0
         Setting MMX flag to default value 'on'... (use MMX=on or MMX=off)
         Setting SSE2 flag to default value 'on'... (use SSE2=on or SSE2=off)
         pixman-image.c
         pixman-access.c
         pixman-access-accessors.c
         pixman-region16.c
         pixman-region32.c
         pixman-combine32.c
         pixman-combine64.c
         pixman-utils.c
         pixman-edge.c
         pixman-edge-accessors.c
         pixman-trap.c
         pixman-timer.c
         pixman-matrix.c
         pixman-gradient-walker.c
         pixman-linear-gradient.c
         pixman-radial-gradient.c
         pixman-bits-image.c
         pixman.c
         pixman-cpu.c
         pixman-fast-path.c
         pixman-implementation.c
         pixman-solid-fill.c
         pixman-general.c
         pixman-mmx.c
     1>c:\users\ethzrt\documents\msc-generator\pixman\pixman\pixman-mmx.c(166): warning C4799: function 'UINT64' has no EMMS instruction
     1>c:\users\ethzrt\documents\msc-generator\pixman\pixman\pixman-mmx.c(317): warning C4799: function 'store8888' has no EMMS instruction
     1>c:\users\ethzrt\documents\msc-generator\pixman\pixman\pixman-mmx.c(437): warning C4799: function 'combine' has no EMMS instruction
         pixman-sse2.c
     1>c:\users\ethzrt\documents\msc-generator\pixman\pixman\pixman-sse2.c(524): warning C4799: function 'pack_1x64_32' has no EMMS instruction
     1>c:\users\ethzrt\documents\msc-generator\pixman\pixman\pixman-sse2.c(582): warning C4799: function 'core_combine_over_u_pixel_sse2' has no EMMS instruction
     1>c:\users\ethzrt\documents\msc-generator\pixman\pixman\pixman-sse2.c(603): warning C4799: function 'combine1' has no EMMS instruction
     1>c:\users\ethzrt\documents\msc-generator\pixman\pixman\pixman-sse2.c(728): warning C4799: function 'core_combine_over_u_sse2' has no EMMS instruction
     1>c:\users\ethzrt\documents\msc-generator\pixman\pixman\pixman-sse2.c(812): warning C4799: function 'core_combine_over_reverse_u_sse2' has no EMMS instruction
     1>c:\users\ethzrt\documents\msc-generator\pixman\pixman\pixman-sse2.c(831): warning C4799: function 'core_combine_in_u_pixelsse2' has no EMMS instruction
     1>c:\users\ethzrt\documents\msc-generator\pixman\pixman\pixman-sse2.c(905): warning C4799: function 'core_combine_in_u_sse2' has no EMMS instruction
     1>c:\users\ethzrt\documents\msc-generator\pixman\pixman\pixman-sse2.c(979): warning C4799: function 'core_combine_reverse_in_u_sse2' has no EMMS instruction
     1>c:\users\ethzrt\documents\msc-generator\pixman\pixman\pixman-sse2.c(1061): warning C4799: function 'core_combine_reverse_out_u_sse2' has no EMMS instruction
     1>c:\users\ethzrt\documents\msc-generator\pixman\pixman\pixman-sse2.c(1141): warning C4799: function 'core_combine_out_u_sse2' has no EMMS instruction
     1>c:\users\ethzrt\documents\msc-generator\pixman\pixman\pixman-sse2.c(1154): warning C4799: function 'core_combine_atop_u_pixel_sse2' has no EMMS instruction
     1>c:\users\ethzrt\documents\msc-generator\pixman\pixman\pixman-sse2.c(1238): warning C4799: function 'core_combine_atop_u_sse2' has no EMMS instruction
     1>c:\users\ethzrt\documents\msc-generator\pixman\pixman\pixman-sse2.c(1251): warning C4799: function 'core_combine_reverse_atop_u_pixel_sse2' has no EMMS instruction
     1>c:\users\ethzrt\documents\msc-generator\pixman\pixman\pixman-sse2.c(1335): warning C4799: function 'core_combine_reverse_atop_u_sse2' has no EMMS instruction
     1>c:\users\ethzrt\documents\msc-generator\pixman\pixman\pixman-sse2.c(1348): warning C4799: function 'core_combine_xor_u_pixel_sse2' has no EMMS instruction
     1>c:\users\ethzrt\documents\msc-generator\pixman\pixman\pixman-sse2.c(1438): warning C4799: function 'core_combine_xor_u_sse2' has no EMMS instruction
     1>c:\users\ethzrt\documents\msc-generator\pixman\pixman\pixman-sse2.c(1507): warning C4799: function 'core_combine_add_u_sse2' has no EMMS instruction
     1>c:\users\ethzrt\documents\msc-generator\pixman\pixman\pixman-sse2.c(1525): warning C4799: function 'core_combine_saturate_u_pixel_sse2' has no EMMS instruction
     1>c:\users\ethzrt\documents\msc-generator\pixman\pixman\pixman-sse2.c(1625): warning C4799: function 'core_combine_saturate_u_sse2' has no EMMS instruction
     1>c:\users\ethzrt\documents\msc-generator\pixman\pixman\pixman-sse2.c(1692): warning C4799: function 'core_combine_src_ca_sse2' has no EMMS instruction
     1>c:\users\ethzrt\documents\msc-generator\pixman\pixman\pixman-sse2.c(1705): warning C4799: function 'core_combine_over_ca_pixel_sse2' has no EMMS instruction
     1>c:\users\ethzrt\documents\msc-generator\pixman\pixman\pixman-sse2.c(1781): warning C4799: function 'core_combine_over_ca_sse2' has no EMMS instruction
     1>c:\users\ethzrt\documents\msc-generator\pixman\pixman\pixman-sse2.c(1794): warning C4799: function 'core_combine_over_reverse_ca_pixel_sse2' has no EMMS instruction
     1>c:\users\ethzrt\documents\msc-generator\pixman\pixman\pixman-sse2.c(1872): warning C4799: function 'core_combine_over_reverse_ca_sse2' has no EMMS instruction
     1>c:\users\ethzrt\documents\msc-generator\pixman\pixman\pixman-sse2.c(1960): warning C4799: function 'core_combine_in_ca_sse2' has no EMMS instruction
     1>c:\users\ethzrt\documents\msc-generator\pixman\pixman\pixman-sse2.c(2046): warning C4799: function 'core_combine_in_reverse_ca_sse2' has no EMMS instruction
     1>c:\users\ethzrt\documents\msc-generator\pixman\pixman\pixman-sse2.c(2135): warning C4799: function 'core_combine_out_ca_sse2' has no EMMS instruction
     1>c:\users\ethzrt\documents\msc-generator\pixman\pixman\pixman-sse2.c(2227): warning C4799: function 'core_combine_out_reverse_ca_sse2' has no EMMS instruction
     1>c:\users\ethzrt\documents\msc-generator\pixman\pixman\pixman-sse2.c(2244): warning C4799: function 'core_combine_atop_ca_pixel_sse2' has no EMMS instruction
     1>c:\users\ethzrt\documents\msc-generator\pixman\pixman\pixman-sse2.c(2332): warning C4799: function 'core_combine_atop_ca_sse2' has no EMMS instruction
     1>c:\users\ethzrt\documents\msc-generator\pixman\pixman\pixman-sse2.c(2350): warning C4799: function 'core_combine_reverse_atop_ca_pixel_sse2' has no EMMS instruction
     1>c:\users\ethzrt\documents\msc-generator\pixman\pixman\pixman-sse2.c(2439): warning C4799: function 'core_combine_reverse_atop_ca_sse2' has no EMMS instruction
     1>c:\users\ethzrt\documents\msc-generator\pixman\pixman\pixman-sse2.c(2459): warning C4799: function 'core_combine_xor_ca_pixel_sse2' has no EMMS instruction
     1>c:\users\ethzrt\documents\msc-generator\pixman\pixman\pixman-sse2.c(2550): warning C4799: function 'core_combine_xor_ca_sse2' has no EMMS instruction
     1>c:\users\ethzrt\documents\msc-generator\pixman\pixman\pixman-sse2.c(2629): warning C4799: function 'core_combine_add_ca_sse2' has no EMMS instruction
     1>c:\users\ethzrt\documents\msc-generator\pixman\pixman\pixman-sse2.c(3690): warning C4799: function 'composite_over_8888_0565pixel' has no EMMS instruction
         lib -NOLOGO -OUT:release/pixman-1.lib  release/pixman-image.obj  release/pixman-access.obj  release/pixman-access-accessors.obj  release/pixman-region16.obj  release/pixman-region32.obj  release/pixman-combine32.obj  release/pixman-combine64.obj  release/pixman-utils.obj  release/pixman-edge.obj  release/pixman-edge-accessors.obj  release/pixman-trap.obj  release/pixman-timer.obj  release/pixman-matrix.obj  release/pixman-gradient-walker.obj  release/pixman-linear-gradient.obj  release/pixman-radial-gradient.obj  release/pixman-bits-image.obj  release/pixman.obj  release/pixman-cpu.obj  release/pixman-fast-path.obj  release/pixman-implementation.obj  release/pixman-solid-fill.obj  release/pixman-general.obj  release/pixman-mmx.obj  release/pixman-sse2.obj || exit 0
     1>Done Building Project "C:\Users\ethzrt\Documents\msc-generator\pixman-0.26.0\pixman-0.26.0.vcxproj" (build target(s)).

Build succeeded.

Time Elapsed 00:00:27.77
