Build started 2010.12.08. 12:05:41.
     1>Project "C:\Users\ethzrt\Documents\Msc-generator-trunk\cairo\cairo.vcxproj" on node 3 (build target(s)).
     1>Build:
         "C:\Users\ethzrt\Documents\Msc-generator-trunk\cairo\\BuildCairoCairo.bat"
         Setting environment for using Microsoft Visual Studio 2010 x86 tools.
         
         Generating src/cairo-features.h
         making all in src...
         make[1]: Entering directory `/c/Users/ethzrt/Documents/Msc-generator-trunk/cairo/src'
         
         cairo-analysis-surface.c
         cairo-arc.c
         cairo-array.c
         cairo-atomic.c
         cairo-base85-stream.c
         cairo-bentley-ottmann.c
         cairo.c
         cairo-cache.c
         cairo-clip.c
         cairo-color.c
         cairo-debug.c
         cairo-fixed.c
         cairo-font-face.c
         cairo-font-face-twin.c
         cairo-font-face-twin-data.c
         cairo-font-options.c
         cairo-freelist.c
         cairo-gstate.c
         cairo-hash.c
         cairo-hull.c
         cairo-image-surface.c
         cairo-lzw.c
         cairo-matrix.c
         cairo-meta-surface.c
         cairo-misc.c
         cairo-mutex.c
         cairo-output-stream.c
         cairo-paginated-surface.c
         cairo-path-bounds.c
         cairo-path.c
         cairo-path-fill.c
         cairo-path-fixed.c
         cairo-path-stroke.c
         cairo-pattern.c
         cairo-pen.c
         cairo-polygon.c
         cairo-rectangle.c
         cairo-region.c
         cairo-scaled-font.c
         cairo-skiplist.c
         cairo-slope.c
         cairo-spline.c
         cairo-stroke-style.c
         cairo-surface.c
         cairo-surface-fallback.c
         cairo-system.c
         cairo-traps.c
         cairo-unicode.c
         cairo-user-font.c
         cairo-version.c
         cairo-wideint.c
         cairo-cff-subset.c
         cairo-scaled-font-subsets.c
         cairo-truetype-subset.c
         cairo-type1-fallback.c
         cairo-type1-subset.c
         cairo-type3-glyph-surface.c
         cairo-pdf-operators.c
         cairo-win32-surface.c
     1>cairo-win32-surface.c(95): warning C4133: 'function' : incompatible types - from 'LPSTR' to 'LPWSTR'
     1>cairo-win32-surface.c(99): warning C4133: 'function' : incompatible types - from 'char [7]' to 'const wchar_t *'
         cairo-win32-printing-surface.c
         cairo-win32-font.c
         cairo-png.c
         cairo-ps-surface.c
         cairo-pdf-surface.c
         cairo-deflate-stream.c
         cairo-svg-surface.c
         lib -NOLOGO -OUT:debug/cairo-static.lib ../../pixman/pixman/debug/pixman-1.lib debug/cairo-analysis-surface.obj debug/cairo-arc.obj debug/cairo-array.obj debug/cairo-atomic.obj debug/cairo-base85-stream.obj debug/cairo-bentley-ottmann.obj debug/cairo.obj debug/cairo-cache.obj debug/cairo-clip.obj debug/cairo-color.obj debug/cairo-debug.obj debug/cairo-fixed.obj debug/cairo-font-face.obj debug/cairo-font-face-twin.obj debug/cairo-font-face-twin-data.obj debug/cairo-font-options.obj debug/cairo-freelist.obj debug/cairo-gstate.obj debug/cairo-hash.obj debug/cairo-hull.obj debug/cairo-image-surface.obj debug/cairo-lzw.obj debug/cairo-matrix.obj debug/cairo-meta-surface.obj debug/cairo-misc.obj debug/cairo-mutex.obj debug/cairo-output-stream.obj debug/cairo-paginated-surface.obj debug/cairo-path-bounds.obj debug/cairo-path.obj debug/cairo-path-fill.obj debug/cairo-path-fixed.obj debug/cairo-path-stroke.obj debug/cairo-pattern.obj debug/cairo-pen.obj debug/cairo-polygon.obj debug/cairo-rectangle.obj debug/cairo-region.obj debug/cairo-scaled-font.obj debug/cairo-skiplist.obj debug/cairo-slope.obj debug/cairo-spline.obj debug/cairo-stroke-style.obj debug/cairo-surface.obj debug/cairo-surface-fallback.obj  debug/cairo-system-static.obj debug/cairo-traps.obj debug/cairo-unicode.obj debug/cairo-user-font.obj debug/cairo-version.obj debug/cairo-wideint.obj debug/cairo-cff-subset.obj debug/cairo-scaled-font-subsets.obj debug/cairo-truetype-subset.obj debug/cairo-type1-fallback.obj debug/cairo-type1-subset.obj debug/cairo-type3-glyph-surface.obj debug/cairo-pdf-operators.obj debug/cairo-win32-surface.obj debug/cairo-win32-printing-surface.obj debug/cairo-win32-font.obj debug/cairo-png.obj debug/cairo-ps-surface.obj debug/cairo-pdf-surface.obj debug/cairo-deflate-stream.obj debug/cairo-svg-surface.obj
         cairo-system.c
         cl -MTd -LDd -Fedebug/cairo.dll ../../pixman/pixman/debug/pixman-1.lib  debug/cairo-analysis-surface.obj  debug/cairo-arc.obj  debug/cairo-array.obj  debug/cairo-atomic.obj  debug/cairo-base85-stream.obj  debug/cairo-bentley-ottmann.obj  debug/cairo.obj  debug/cairo-cache.obj  debug/cairo-clip.obj  debug/cairo-color.obj  debug/cairo-debug.obj  debug/cairo-fixed.obj  debug/cairo-font-face.obj  debug/cairo-font-face-twin.obj  debug/cairo-font-face-twin-data.obj  debug/cairo-font-options.obj  debug/cairo-freelist.obj  debug/cairo-gstate.obj  debug/cairo-hash.obj  debug/cairo-hull.obj  debug/cairo-image-surface.obj  debug/cairo-lzw.obj  debug/cairo-matrix.obj  debug/cairo-meta-surface.obj  debug/cairo-misc.obj  debug/cairo-mutex.obj  debug/cairo-output-stream.obj  debug/cairo-paginated-surface.obj  debug/cairo-path-bounds.obj  debug/cairo-path.obj  debug/cairo-path-fill.obj  debug/cairo-path-fixed.obj  debug/cairo-path-stroke.obj  debug/cairo-pattern.obj  debug/cairo-pen.obj  debug/cairo-polygon.obj  debug/cairo-rectangle.obj  debug/cairo-region.obj  debug/cairo-scaled-font.obj  debug/cairo-skiplist.obj  debug/cairo-slope.obj  debug/cairo-spline.obj  debug/cairo-stroke-style.obj  debug/cairo-surface.obj  debug/cairo-surface-fallback.obj  debug/cairo-system.obj  debug/cairo-traps.obj  debug/cairo-unicode.obj  debug/cairo-user-font.obj  debug/cairo-version.obj  debug/cairo-wideint.obj  debug/cairo-cff-subset.obj  debug/cairo-scaled-font-subsets.obj  debug/cairo-truetype-subset.obj  debug/cairo-type1-fallback.obj  debug/cairo-type1-subset.obj  debug/cairo-type3-glyph-surface.obj  debug/cairo-pdf-operators.obj  debug/cairo-win32-surface.obj  debug/cairo-win32-printing-surface.obj  debug/cairo-win32-font.obj  debug/cairo-png.obj  debug/cairo-ps-surface.obj  debug/cairo-pdf-surface.obj  debug/cairo-deflate-stream.obj  debug/cairo-svg-surface.obj -link gdi32.lib msimg32.lib user32.lib libpngd.lib zlibd.lib
         Microsoft (R) 32-bit C/C++ Optimizing Compiler Version 16.00.30319.01 for 80x86
         Copyright (C) Microsoft Corporation.  All rights reserved.
         
         Microsoft (R) Incremental Linker Version 10.00.30319.01
         Copyright (C) Microsoft Corporation.  All rights reserved.
         
         /dll 
         /implib:debug/cairo.lib 
         /out:debug/cairo.dll 
         gdi32.lib 
         msimg32.lib 
         user32.lib 
         libpngd.lib 
         zlibd.lib 
         ../../pixman/pixman/debug/pixman-1.lib 
         debug/cairo-analysis-surface.obj 
         debug/cairo-arc.obj 
         debug/cairo-array.obj 
         debug/cairo-atomic.obj 
         debug/cairo-base85-stream.obj 
         debug/cairo-bentley-ottmann.obj 
         debug/cairo.obj 
         debug/cairo-cache.obj 
         debug/cairo-clip.obj 
         debug/cairo-color.obj 
         debug/cairo-debug.obj 
         debug/cairo-fixed.obj 
         debug/cairo-font-face.obj 
         debug/cairo-font-face-twin.obj 
         debug/cairo-font-face-twin-data.obj 
         debug/cairo-font-options.obj 
         debug/cairo-freelist.obj 
         debug/cairo-gstate.obj 
         debug/cairo-hash.obj 
         debug/cairo-hull.obj 
         debug/cairo-image-surface.obj 
         debug/cairo-lzw.obj 
         debug/cairo-matrix.obj 
         debug/cairo-meta-surface.obj 
         debug/cairo-misc.obj 
         debug/cairo-mutex.obj 
         debug/cairo-output-stream.obj 
         debug/cairo-paginated-surface.obj 
         debug/cairo-path-bounds.obj 
         debug/cairo-path.obj 
         debug/cairo-path-fill.obj 
         debug/cairo-path-fixed.obj 
         debug/cairo-path-stroke.obj 
         debug/cairo-pattern.obj 
         debug/cairo-pen.obj 
         debug/cairo-polygon.obj 
         debug/cairo-rectangle.obj 
         debug/cairo-region.obj 
         debug/cairo-scaled-font.obj 
         debug/cairo-skiplist.obj 
         debug/cairo-slope.obj 
         debug/cairo-spline.obj 
         debug/cairo-stroke-style.obj 
         debug/cairo-surface.obj 
         debug/cairo-surface-fallback.obj 
         debug/cairo-system.obj 
         debug/cairo-traps.obj 
         debug/cairo-unicode.obj 
         debug/cairo-user-font.obj 
         debug/cairo-version.obj 
         debug/cairo-wideint.obj 
         debug/cairo-cff-subset.obj 
         debug/cairo-scaled-font-subsets.obj 
         debug/cairo-truetype-subset.obj 
         debug/cairo-type1-fallback.obj 
         debug/cairo-type1-subset.obj 
         debug/cairo-type3-glyph-surface.obj 
         debug/cairo-pdf-operators.obj 
         debug/cairo-win32-surface.obj 
         debug/cairo-win32-printing-surface.obj 
         debug/cairo-win32-font.obj 
         debug/cairo-png.obj 
         debug/cairo-ps-surface.obj 
         debug/cairo-pdf-surface.obj 
         debug/cairo-deflate-stream.obj 
         debug/cairo-svg-surface.obj 
     1>LINK : fatal error LNK1181: cannot open input file 'libpngd.lib'
         make[1]: *** [debug/cairo.dll] Error 2
         make[1]: Leaving directory `/c/Users/ethzrt/Documents/Msc-generator-trunk/cairo/src'
         make: *** [cairo] Error 1
         
         making all in src...
         make[1]: Entering directory `/c/Users/ethzrt/Documents/Msc-generator-trunk/cairo/src'
         
         cairo-analysis-surface.c
         cairo-arc.c
         cairo-array.c
         cairo-atomic.c
         cairo-base85-stream.c
         cairo-bentley-ottmann.c
         cairo.c
         cairo-cache.c
         cairo-clip.c
         cairo-color.c
         cairo-debug.c
         cairo-fixed.c
         cairo-font-face.c
         cairo-font-face-twin.c
         cairo-font-face-twin-data.c
         cairo-font-options.c
         cairo-freelist.c
         cairo-gstate.c
         cairo-hash.c
         cairo-hull.c
         cairo-image-surface.c
         cairo-lzw.c
         cairo-matrix.c
         cairo-meta-surface.c
         cairo-misc.c
         cairo-mutex.c
         cairo-output-stream.c
         cairo-paginated-surface.c
         cairo-path-bounds.c
         cairo-path.c
         cairo-path-fill.c
         cairo-path-fixed.c
         cairo-path-stroke.c
         cairo-pattern.c
         cairo-pen.c
         cairo-polygon.c
         cairo-rectangle.c
         cairo-region.c
         cairo-scaled-font.c
         cairo-skiplist.c
         cairo-slope.c
         cairo-spline.c
         cairo-stroke-style.c
         cairo-surface.c
         cairo-surface-fallback.c
         cairo-system.c
         cairo-traps.c
         cairo-unicode.c
         cairo-user-font.c
         cairo-version.c
         cairo-wideint.c
         cairo-cff-subset.c
         cairo-scaled-font-subsets.c
         cairo-truetype-subset.c
         cairo-type1-fallback.c
         cairo-type1-subset.c
         cairo-type3-glyph-surface.c
         cairo-pdf-operators.c
         cairo-win32-surface.c
     1>cairo-win32-surface.c(95): warning C4133: 'function' : incompatible types - from 'LPSTR' to 'LPWSTR'
     1>cairo-win32-surface.c(99): warning C4133: 'function' : incompatible types - from 'char [7]' to 'const wchar_t *'
         cairo-win32-printing-surface.c
         cairo-win32-font.c
         cairo-png.c
         cairo-ps-surface.c
         cairo-pdf-surface.c
         cairo-deflate-stream.c
         cairo-svg-surface.c
         lib -NOLOGO -OUT:release/cairo-static.lib ../../pixman/pixman/release/pixman-1.lib release/cairo-analysis-surface.obj release/cairo-arc.obj release/cairo-array.obj release/cairo-atomic.obj release/cairo-base85-stream.obj release/cairo-bentley-ottmann.obj release/cairo.obj release/cairo-cache.obj release/cairo-clip.obj release/cairo-color.obj release/cairo-debug.obj release/cairo-fixed.obj release/cairo-font-face.obj release/cairo-font-face-twin.obj release/cairo-font-face-twin-data.obj release/cairo-font-options.obj release/cairo-freelist.obj release/cairo-gstate.obj release/cairo-hash.obj release/cairo-hull.obj release/cairo-image-surface.obj release/cairo-lzw.obj release/cairo-matrix.obj release/cairo-meta-surface.obj release/cairo-misc.obj release/cairo-mutex.obj release/cairo-output-stream.obj release/cairo-paginated-surface.obj release/cairo-path-bounds.obj release/cairo-path.obj release/cairo-path-fill.obj release/cairo-path-fixed.obj release/cairo-path-stroke.obj release/cairo-pattern.obj release/cairo-pen.obj release/cairo-polygon.obj release/cairo-rectangle.obj release/cairo-region.obj release/cairo-scaled-font.obj release/cairo-skiplist.obj release/cairo-slope.obj release/cairo-spline.obj release/cairo-stroke-style.obj release/cairo-surface.obj release/cairo-surface-fallback.obj  release/cairo-system-static.obj release/cairo-traps.obj release/cairo-unicode.obj release/cairo-user-font.obj release/cairo-version.obj release/cairo-wideint.obj release/cairo-cff-subset.obj release/cairo-scaled-font-subsets.obj release/cairo-truetype-subset.obj release/cairo-type1-fallback.obj release/cairo-type1-subset.obj release/cairo-type3-glyph-surface.obj release/cairo-pdf-operators.obj release/cairo-win32-surface.obj release/cairo-win32-printing-surface.obj release/cairo-win32-font.obj release/cairo-png.obj release/cairo-ps-surface.obj release/cairo-pdf-surface.obj release/cairo-deflate-stream.obj release/cairo-svg-surface.obj
         cairo-system.c
         cl -MT -LDd -Ferelease/cairo.dll ../../pixman/pixman/release/pixman-1.lib  release/cairo-analysis-surface.obj  release/cairo-arc.obj  release/cairo-array.obj  release/cairo-atomic.obj  release/cairo-base85-stream.obj  release/cairo-bentley-ottmann.obj  release/cairo.obj  release/cairo-cache.obj  release/cairo-clip.obj  release/cairo-color.obj  release/cairo-debug.obj  release/cairo-fixed.obj  release/cairo-font-face.obj  release/cairo-font-face-twin.obj  release/cairo-font-face-twin-data.obj  release/cairo-font-options.obj  release/cairo-freelist.obj  release/cairo-gstate.obj  release/cairo-hash.obj  release/cairo-hull.obj  release/cairo-image-surface.obj  release/cairo-lzw.obj  release/cairo-matrix.obj  release/cairo-meta-surface.obj  release/cairo-misc.obj  release/cairo-mutex.obj  release/cairo-output-stream.obj  release/cairo-paginated-surface.obj  release/cairo-path-bounds.obj  release/cairo-path.obj  release/cairo-path-fill.obj  release/cairo-path-fixed.obj  release/cairo-path-stroke.obj  release/cairo-pattern.obj  release/cairo-pen.obj  release/cairo-polygon.obj  release/cairo-rectangle.obj  release/cairo-region.obj  release/cairo-scaled-font.obj  release/cairo-skiplist.obj  release/cairo-slope.obj  release/cairo-spline.obj  release/cairo-stroke-style.obj  release/cairo-surface.obj  release/cairo-surface-fallback.obj  release/cairo-system.obj  release/cairo-traps.obj  release/cairo-unicode.obj  release/cairo-user-font.obj  release/cairo-version.obj  release/cairo-wideint.obj  release/cairo-cff-subset.obj  release/cairo-scaled-font-subsets.obj  release/cairo-truetype-subset.obj  release/cairo-type1-fallback.obj  release/cairo-type1-subset.obj  release/cairo-type3-glyph-surface.obj  release/cairo-pdf-operators.obj  release/cairo-win32-surface.obj  release/cairo-win32-printing-surface.obj  release/cairo-win32-font.obj  release/cairo-png.obj  release/cairo-ps-surface.obj  release/cairo-pdf-surface.obj  release/cairo-deflate-stream.obj  release/cairo-svg-surface.obj -link gdi32.lib msimg32.lib user32.lib libpng.lib zlib.lib
         Microsoft (R) 32-bit C/C++ Optimizing Compiler Version 16.00.30319.01 for 80x86
         Copyright (C) Microsoft Corporation.  All rights reserved.
         
         Microsoft (R) Incremental Linker Version 10.00.30319.01
         Copyright (C) Microsoft Corporation.  All rights reserved.
         
         /dll 
         /implib:release/cairo.lib 
         /out:release/cairo.dll 
         gdi32.lib 
         msimg32.lib 
         user32.lib 
         libpng.lib 
         zlib.lib 
         ../../pixman/pixman/release/pixman-1.lib 
         release/cairo-analysis-surface.obj 
         release/cairo-arc.obj 
         release/cairo-array.obj 
         release/cairo-atomic.obj 
         release/cairo-base85-stream.obj 
         release/cairo-bentley-ottmann.obj 
         release/cairo.obj 
         release/cairo-cache.obj 
         release/cairo-clip.obj 
         release/cairo-color.obj 
         release/cairo-debug.obj 
         release/cairo-fixed.obj 
         release/cairo-font-face.obj 
         release/cairo-font-face-twin.obj 
         release/cairo-font-face-twin-data.obj 
         release/cairo-font-options.obj 
         release/cairo-freelist.obj 
         release/cairo-gstate.obj 
         release/cairo-hash.obj 
         release/cairo-hull.obj 
         release/cairo-image-surface.obj 
         release/cairo-lzw.obj 
         release/cairo-matrix.obj 
         release/cairo-meta-surface.obj 
         release/cairo-misc.obj 
         release/cairo-mutex.obj 
         release/cairo-output-stream.obj 
         release/cairo-paginated-surface.obj 
         release/cairo-path-bounds.obj 
         release/cairo-path.obj 
         release/cairo-path-fill.obj 
         release/cairo-path-fixed.obj 
         release/cairo-path-stroke.obj 
         release/cairo-pattern.obj 
         release/cairo-pen.obj 
         release/cairo-polygon.obj 
         release/cairo-rectangle.obj 
         release/cairo-region.obj 
         release/cairo-scaled-font.obj 
         release/cairo-skiplist.obj 
         release/cairo-slope.obj 
         release/cairo-spline.obj 
         release/cairo-stroke-style.obj 
         release/cairo-surface.obj 
         release/cairo-surface-fallback.obj 
         release/cairo-system.obj 
         release/cairo-traps.obj 
         release/cairo-unicode.obj 
         release/cairo-user-font.obj 
         release/cairo-version.obj 
         release/cairo-wideint.obj 
         release/cairo-cff-subset.obj 
         release/cairo-scaled-font-subsets.obj 
         release/cairo-truetype-subset.obj 
         release/cairo-type1-fallback.obj 
         release/cairo-type1-subset.obj 
         release/cairo-type3-glyph-surface.obj 
         release/cairo-pdf-operators.obj 
         release/cairo-win32-surface.obj 
         release/cairo-win32-printing-surface.obj 
         release/cairo-win32-font.obj 
         release/cairo-png.obj 
         release/cairo-ps-surface.obj 
         release/cairo-pdf-surface.obj 
         release/cairo-deflate-stream.obj 
         release/cairo-svg-surface.obj 
            Creating library release/cairo.lib and object release/cairo.exp
         Built successfully!
         You should copy the following files to a proper place now:
         
         	cairo-version.h (NOTE: toplevel, not the src/cairo-version.h one!)
         	src/cairo-features.h
         	src/cairo.h
         	src/cairo-deprecated.h
         	src/cairo-win32.h
         	src/cairo-ps.h
         	src/cairo-pdf.h
         	src/cairo-svg.h
         	src/release/cairo.dll
         	src/release/cairo-static.lib
         make[1]: Leaving directory `/c/Users/ethzrt/Documents/Msc-generator-trunk/cairo/src'
         Press any key to continue . . . 
     1>C:\Program Files\MSBuild\Microsoft.Cpp\v4.0\Microsoft.MakeFile.Targets(38,5): error MSB3073: The command ""C:\Users\ethzrt\Documents\Msc-generator-trunk\cairo\\BuildCairoCairo.bat"" exited with code -1.
     1>Done Building Project "C:\Users\ethzrt\Documents\Msc-generator-trunk\cairo\cairo.vcxproj" (build target(s)) -- FAILED.

Build FAILED.

Time Elapsed 00:01:46.43
