Build started 10/19/2012 2:42:54 PM.
     1>Project "c:\Users\ethzrt\Documents\msc-generator\cairo-1.12.2\cairo-1.12.2.vcxproj" on node 2 (Build target(s)).
     1>Build:
         "c:\Users\ethzrt\Documents\msc-generator\cairo-1.12.2\\BuildCairoCairo.bat"
         The system cannot find the path specified.
         
         make[1]: Entering directory `/c/Users/ethzrt/Documents/msc-generator/cairo-1.12.2/src'
         
         cairo-win32-printing-surface.c
     1>cairo-freed-pool.obj : warning LNK4221: This object file does not define any previously undefined public symbols, so it will not be used by any link operation that consumes this library
     1>cairo-fixed.obj : warning LNK4221: This object file does not define any previously undefined public symbols, so it will not be used by any link operation that consumes this library
         Built successfully!
         You should copy the following files to a proper place now:
         
         	cairo-version.h (NOTE: toplevel, not the src/cairo-version.h one!)
         	src/cairo-features.h
         	src/cairo.h
         	src/cairo-deprecated.h
         	src/cairo-win32.h
         	src/cairo-script.h
         	src/cairo-ps.h
         	src/cairo-pdf.h
         	src/cairo-svg.h
         	src/debug/cairo.dll
         	src/debug/cairo-static.lib
         make[1]: Leaving directory `/c/Users/ethzrt/Documents/msc-generator/cairo-1.12.2/src'
         
         make[1]: Entering directory `/c/Users/ethzrt/Documents/msc-generator/cairo-1.12.2/src'
         
         cairo-win32-printing-surface.c
            Creating library release/cairo.lib and object release/cairo.exp
     1>LINK : warning LNK4098: defaultlib 'LIBCMT' conflicts with use of other libs; use /NODEFAULTLIB:library
     1>cairo-freed-pool.obj : warning LNK4221: This object file does not define any previously undefined public symbols, so it will not be used by any link operation that consumes this library
     1>cairo-fixed.obj : warning LNK4221: This object file does not define any previously undefined public symbols, so it will not be used by any link operation that consumes this library
         Built successfully!
         You should copy the following files to a proper place now:
         
         	cairo-version.h (NOTE: toplevel, not the src/cairo-version.h one!)
         	src/cairo-features.h
         	src/cairo.h
         	src/cairo-deprecated.h
         	src/cairo-win32.h
         	src/cairo-script.h
         	src/cairo-ps.h
         	src/cairo-pdf.h
         	src/cairo-svg.h
         	src/release/cairo.dll
         	src/release/cairo-static.lib
         make[1]: Leaving directory `/c/Users/ethzrt/Documents/msc-generator/cairo-1.12.2/src'
         Press any key to continue . . . 
     1>Done Building Project "c:\Users\ethzrt\Documents\msc-generator\cairo-1.12.2\cairo-1.12.2.vcxproj" (Build target(s)).

Build succeeded.

Time Elapsed 00:01:38.45
