Build started 10/21/2013 2:58:51 PM.
     1>Project "C:\Users\ethzrt\Documents\msc-generator\cairo\cairo.vcxproj" on node 2 (Build target(s)).
     1>Build:
         "C:\Users\ethzrt\Documents\msc-generator\cairo\\BuildCairoCairo.bat"
         
         make[1]: Entering directory `/c/Users/ethzrt/Documents/msc-generator/cairo/src'
         
         cairo-analysis-surface.c
         cairo-arc.c
         cairo-array.c
         cairo-atomic.c
         cairo-base64-stream.c
         cairo-base85-stream.c
         cairo-bentley-ottmann.c
         cairo-bentley-ottmann-rectangular.c
         cairo-bentley-ottmann-rectilinear.c
         cairo-botor-scan-converter.c
         cairo-boxes.c
         cairo-boxes-intersect.c
         cairo.c
         cairo-cache.c
         cairo-clip.c
         cairo-clip-boxes.c
         cairo-clip-polygon.c
         cairo-clip-region.c
         cairo-clip-surface.c
         cairo-color.c
         cairo-composite-rectangles.c
         cairo-compositor.c
         cairo-contour.c
         cairo-damage.c
         cairo-debug.c
         cairo-default-context.c
         cairo-device.c
         cairo-error.c
         cairo-fallback-compositor.c
         cairo-fixed.c
         cairo-font-face.c
         cairo-font-face-twin.c
         cairo-font-face-twin-data.c
         cairo-font-options.c
         cairo-freelist.c
         cairo-freed-pool.c
         cairo-gstate.c
         cairo-hash.c
         cairo-hull.c
         cairo-image-compositor.c
     1>cairo-image-compositor.c(2996): warning C4034: sizeof returns 0
         cairo-image-info.c
         cairo-image-source.c
         cairo-image-surface.c
         cairo-lzw.c
         cairo-matrix.c
         cairo-mask-compositor.c
         cairo-mesh-pattern-rasterizer.c
         cairo-mempool.c
         cairo-misc.c
         cairo-mono-scan-converter.c
         cairo-mutex.c
         cairo-no-compositor.c
         cairo-observer.c
         cairo-output-stream.c
         cairo-paginated-surface.c
         cairo-path-bounds.c
         cairo-path.c
         cairo-path-fill.c
         cairo-path-fixed.c
         cairo-path-in-fill.c
         cairo-path-stroke.c
         cairo-path-stroke-boxes.c
         cairo-path-stroke-polygon.c
         cairo-path-stroke-traps.c
         cairo-path-stroke-tristrip.c
         cairo-pattern.c
         cairo-pen.c
         cairo-polygon.c
         cairo-polygon-intersect.c
         cairo-polygon-reduce.c
         cairo-raster-source-pattern.c
         cairo-recording-surface.c
         cairo-rectangle.c
         cairo-rectangular-scan-converter.c
         cairo-region.c
         cairo-rtree.c
         cairo-scaled-font.c
         cairo-shape-mask-compositor.c
         cairo-slope.c
         cairo-spans.c
         cairo-spans-compositor.c
         cairo-spline.c
         cairo-stroke-dash.c
         cairo-stroke-style.c
         cairo-surface.c
         cairo-surface-clipper.c
         cairo-surface-fallback.c
         cairo-surface-observer.c
         cairo-surface-offset.c
         cairo-surface-snapshot.c
         cairo-surface-subsurface.c
         cairo-surface-wrapper.c
         cairo-time.c
         cairo-tor-scan-converter.c
         cairo-tor22-scan-converter.c
         cairo-clip-tor-scan-converter.c
         cairo-toy-font-face.c
         cairo-traps.c
         cairo-tristrip.c
         cairo-traps-compositor.c
         cairo-unicode.c
         cairo-user-font.c
         cairo-version.c
         cairo-wideint.c
         cairo-cff-subset.c
         cairo-scaled-font-subsets.c
         cairo-truetype-subset.c
         cairo-type1-fallback.c
         cairo-type1-glyph-names.c
         cairo-type1-subset.c
         cairo-type3-glyph-surface.c
         cairo-pdf-operators.c
         cairo-pdf-shading.c
         cairo-deflate-stream.c
         cairo-win32-debug.c
         cairo-win32-device.c
         cairo-win32-gdi-compositor.c
         cairo-win32-system.c
         cairo-win32-surface.c
         cairo-win32-display-surface.c
         cairo-win32-printing-surface.c
         cairo-win32-font.c
         cairo-png.c
         cairo-script-surface.c
         cairo-ps-surface.c
         cairo-pdf-surface.c
         cairo-svg-surface.c
            Creating library debug/cairo.lib and object debug/cairo.exp
     1>LINK : warning LNK4098: defaultlib 'LIBCMT' conflicts with use of other libs; use /NODEFAULTLIB:library
     1>cairo-freed-pool.obj : warning LNK4221: This object file does not define any previously undefined public symbols, so it will not be used by any link operation that consumes this library
     1>cairo-fixed.obj : warning LNK4221: This object file does not define any previously undefined public symbols, so it will not be used by any link operation that consumes this library
         Built successfully!
         You should copy the following files to a proper place now:
         
         	cairo-version.h (NOTE: toplevel, not the src/cairo-version.h one!)
         	src/cairo-features.h
         	src/cairo.h
         	src/cairo-deprecated.h
         	src/cairo-win32.h
         	src/cairo-script.h
         	src/cairo-ps.h
         	src/cairo-pdf.h
         	src/cairo-svg.h
         	src/debug/cairo.dll
         	src/debug/cairo-static.lib
         make[1]: Leaving directory `/c/Users/ethzrt/Documents/msc-generator/cairo/src'
         
         make[1]: Entering directory `/c/Users/ethzrt/Documents/msc-generator/cairo/src'
         
         cairo-analysis-surface.c
         cairo-arc.c
         cairo-array.c
         cairo-atomic.c
         cairo-base64-stream.c
         cairo-base85-stream.c
         cairo-bentley-ottmann.c
         cairo-bentley-ottmann-rectangular.c
         cairo-bentley-ottmann-rectilinear.c
         cairo-botor-scan-converter.c
         cairo-boxes.c
         cairo-boxes-intersect.c
         cairo.c
         cairo-cache.c
         cairo-clip.c
         cairo-clip-boxes.c
         cairo-clip-polygon.c
         cairo-clip-region.c
         cairo-clip-surface.c
         cairo-color.c
         cairo-composite-rectangles.c
         cairo-compositor.c
         cairo-contour.c
         cairo-damage.c
         cairo-debug.c
         cairo-default-context.c
         cairo-device.c
         cairo-error.c
         cairo-fallback-compositor.c
         cairo-fixed.c
         cairo-font-face.c
         cairo-font-face-twin.c
         cairo-font-face-twin-data.c
         cairo-font-options.c
         cairo-freelist.c
         cairo-freed-pool.c
         cairo-gstate.c
         cairo-hash.c
         cairo-hull.c
         cairo-image-compositor.c
     1>cairo-image-compositor.c(2996): warning C4034: sizeof returns 0
         cairo-image-info.c
         cairo-image-source.c
         cairo-image-surface.c
         cairo-lzw.c
         cairo-matrix.c
         cairo-mask-compositor.c
         cairo-mesh-pattern-rasterizer.c
         cairo-mempool.c
         cairo-misc.c
         cairo-mono-scan-converter.c
         cairo-mutex.c
         cairo-no-compositor.c
         cairo-observer.c
         cairo-output-stream.c
         cairo-paginated-surface.c
         cairo-path-bounds.c
         cairo-path.c
         cairo-path-fill.c
         cairo-path-fixed.c
         cairo-path-in-fill.c
         cairo-path-stroke.c
         cairo-path-stroke-boxes.c
         cairo-path-stroke-polygon.c
         cairo-path-stroke-traps.c
         cairo-path-stroke-tristrip.c
         cairo-pattern.c
         cairo-pen.c
         cairo-polygon.c
         cairo-polygon-intersect.c
         cairo-polygon-reduce.c
         cairo-raster-source-pattern.c
         cairo-recording-surface.c
         cairo-rectangle.c
         cairo-rectangular-scan-converter.c
         cairo-region.c
         cairo-rtree.c
         cairo-scaled-font.c
         cairo-shape-mask-compositor.c
         cairo-slope.c
         cairo-spans.c
         cairo-spans-compositor.c
         cairo-spline.c
         cairo-stroke-dash.c
         cairo-stroke-style.c
         cairo-surface.c
         cairo-surface-clipper.c
         cairo-surface-fallback.c
         cairo-surface-observer.c
         cairo-surface-offset.c
         cairo-surface-snapshot.c
         cairo-surface-subsurface.c
         cairo-surface-wrapper.c
         cairo-time.c
         cairo-tor-scan-converter.c
         cairo-tor22-scan-converter.c
         cairo-clip-tor-scan-converter.c
         cairo-toy-font-face.c
         cairo-traps.c
         cairo-tristrip.c
         cairo-traps-compositor.c
         cairo-unicode.c
         cairo-user-font.c
         cairo-version.c
         cairo-wideint.c
         cairo-cff-subset.c
         cairo-scaled-font-subsets.c
         cairo-truetype-subset.c
         cairo-type1-fallback.c
         cairo-type1-glyph-names.c
         cairo-type1-subset.c
         cairo-type3-glyph-surface.c
         cairo-pdf-operators.c
         cairo-pdf-shading.c
         cairo-deflate-stream.c
         cairo-win32-debug.c
         cairo-win32-device.c
         cairo-win32-gdi-compositor.c
         cairo-win32-system.c
         cairo-win32-surface.c
         cairo-win32-display-surface.c
         cairo-win32-printing-surface.c
         cairo-win32-font.c
         cairo-png.c
         cairo-script-surface.c
         cairo-ps-surface.c
         cairo-pdf-surface.c
         cairo-svg-surface.c
            Creating library release/cairo.lib and object release/cairo.exp
     1>LINK : warning LNK4098: defaultlib 'LIBCMT' conflicts with use of other libs; use /NODEFAULTLIB:library
     1>cairo-freed-pool.obj : warning LNK4221: This object file does not define any previously undefined public symbols, so it will not be used by any link operation that consumes this library
     1>cairo-fixed.obj : warning LNK4221: This object file does not define any previously undefined public symbols, so it will not be used by any link operation that consumes this library
         Built successfully!
         You should copy the following files to a proper place now:
         
         	cairo-version.h (NOTE: toplevel, not the src/cairo-version.h one!)
         	src/cairo-features.h
         	src/cairo.h
         	src/cairo-deprecated.h
         	src/cairo-win32.h
         	src/cairo-script.h
         	src/cairo-ps.h
         	src/cairo-pdf.h
         	src/cairo-svg.h
         	src/release/cairo.dll
         	src/release/cairo-static.lib
         make[1]: Leaving directory `/c/Users/ethzrt/Documents/msc-generator/cairo/src'
         Press any key to continue . . . 
     1>Done Building Project "C:\Users\ethzrt\Documents\msc-generator\cairo\cairo.vcxproj" (Build target(s)).

Build succeeded.

Time Elapsed 00:02:50.22
