Build started 10/2/2012 2:39:34 PM.
     1>Project "C:\Users\ethzrt\Documents\msc-generator\cairo-1.12.2\cairo-1.12.2.vcxproj" on node 2 (Build target(s)).
     1>Build:
         "C:\Users\ethzrt\Documents\msc-generator\cairo-1.12.2\\BuildCairoCairo.bat"
         The system cannot find the path specified.
         
         make[1]: Entering directory `/c/Users/ethzrt/Documents/msc-generator/cairo-1.12.2/src'
         
         Built successfully!
         You should copy the following files to a proper place now:
         
         	cairo-version.h (NOTE: toplevel, not the src/cairo-version.h one!)
         	src/cairo-features.h
         	src/cairo.h
         	src/cairo-deprecated.h
         	src/cairo-win32.h
         	src/cairo-script.h
         	src/cairo-ps.h
         	src/cairo-pdf.h
         	src/cairo-svg.h
         	src/debug/cairo.dll
         	src/debug/cairo-static.lib
         make[1]: Leaving directory `/c/Users/ethzrt/Documents/msc-generator/cairo-1.12.2/src'
         
         make[1]: Entering directory `/c/Users/ethzrt/Documents/msc-generator/cairo-1.12.2/src'
         
         Built successfully!
         You should copy the following files to a proper place now:
         
         	cairo-version.h (NOTE: toplevel, not the src/cairo-version.h one!)
         	src/cairo-features.h
         	src/cairo.h
         	src/cairo-deprecated.h
         	src/cairo-win32.h
         	src/cairo-script.h
         	src/cairo-ps.h
         	src/cairo-pdf.h
         	src/cairo-svg.h
         	src/release/cairo.dll
         	src/release/cairo-static.lib
         make[1]: Leaving directory `/c/Users/ethzrt/Documents/msc-generator/cairo-1.12.2/src'
         Press any key to continue . . . 
     1>Done Building Project "C:\Users\ethzrt\Documents\msc-generator\cairo-1.12.2\cairo-1.12.2.vcxproj" (Build target(s)).

Build succeeded.

Time Elapsed 00:00:15.12
